[2025-09-19T20:17:08.895Z] uncaughtException: Error: listen EADDRINUSE: address already in use :::50001
    at Server.setupListenHandle [as _listen2] (node:net:1940:16)
    at listenInCluster (node:net:1997:12)
    at Server.listen (node:net:2102:7)
    at Function.listen (C:\Users\hwi\Desktop\Projects\community\server-backend\node_modules\express\lib\application.js:635:24)
    at bootstrap (file:///C:/Users/hwi/Desktop/Projects/community/server-backend/src/server.js:166:24)
    at process.processTicksAndRejections (node:internal/process/task_queues:105:5)
[2025-09-19T20:30:01.273Z] unhandledRejection: Error: connect ECONNREFUSED 127.0.0.1:3306
    at Object.createConnectionPromise [as createConnection] (C:\Users\hwi\Desktop\Projects\community\server-backend\node_modules\mysql2\promise.js:19:31)
    at ensureDatabase (file:///C:/Users/hwi/Desktop/Projects/community/server-backend/src/db.js:16:29)
    at bootstrap (file:///C:/Users/hwi/Desktop/Projects/community/server-backend/src/server.js:154:11)
    at file:///C:/Users/hwi/Desktop/Projects/community/server-backend/src/index.js:3:1
    at ModuleJob.run (node:internal/modules/esm/module_job:343:25)
    at async onImport.tracePromise.__proto__ (node:internal/modules/esm/loader:647:26)
    at async asyncRunEntryPointWithESMLoader (node:internal/modules/run_main:117:5)
[2025-09-19T23:45:08.077Z] uncaughtException: Error: listen EADDRINUSE: address already in use :::50000
    at Server.setupListenHandle [as _listen2] (node:net:1940:16)
    at listenInCluster (node:net:1997:12)
    at Server.listen (node:net:2102:7)
    at Function.listen (C:\Users\hwi\Desktop\Projects\community\server-backend\node_modules\express\lib\application.js:635:24)
    at bootstrap (file:///C:/Users/hwi/Desktop/Projects/community/server-backend/src/server.js:158:24)
    at process.processTicksAndRejections (node:internal/process/task_queues:105:5)
[2025-09-19T23:50:49.223Z] uncaughtException: Error: listen EADDRINUSE: address already in use :::50000
    at Server.setupListenHandle [as _listen2] (node:net:1940:16)
    at listenInCluster (node:net:1997:12)
    at Server.listen (node:net:2102:7)
    at Function.listen (C:\Users\hwi\Desktop\Projects\community\server-backend\node_modules\express\lib\application.js:635:24)
    at bootstrap (file:///C:/Users/hwi/Desktop/Projects/community/server-backend/src/server.js:158:24)
    at process.processTicksAndRejections (node:internal/process/task_queues:105:5)
[2025-09-19T23:52:04.138Z] unhandledRejection: ReferenceError: loggedOnce is not defined
    at createApp (file:///C:/Users/hwi/Desktop/Projects/community/server-backend/src/server.js:111:9)
    at bootstrap (file:///C:/Users/hwi/Desktop/Projects/community/server-backend/src/server.js:157:17)
    at process.processTicksAndRejections (node:internal/process/task_queues:105:5)
[2025-09-19T23:52:55.573Z] uncaughtException: Error: listen EADDRINUSE: address already in use :::50000
    at Server.setupListenHandle [as _listen2] (node:net:1940:16)
    at listenInCluster (node:net:1997:12)
    at Server.listen (node:net:2102:7)
    at Function.listen (C:\Users\hwi\Desktop\Projects\community\server-backend\node_modules\express\lib\application.js:635:24)
    at bootstrap (file:///C:/Users/hwi/Desktop/Projects/community/server-backend/src/server.js:157:24)
    at process.processTicksAndRejections (node:internal/process/task_queues:105:5)
[2025-09-19T23:54:08.237Z] uncaughtException: Error: listen EADDRINUSE: address already in use :::50000
    at Server.setupListenHandle [as _listen2] (node:net:1940:16)
    at listenInCluster (node:net:1997:12)
    at Server.listen (node:net:2102:7)
    at Function.listen (C:\Users\hwi\Desktop\Projects\community\server-backend\node_modules\express\lib\application.js:635:24)
    at bootstrap (file:///C:/Users/hwi/Desktop/Projects/community/server-backend/src/server.js:157:24)
    at process.processTicksAndRejections (node:internal/process/task_queues:105:5)
[2025-09-19T23:57:07.309Z] uncaughtException: Error: listen EADDRINUSE: address already in use :::50000
    at Server.setupListenHandle [as _listen2] (node:net:1940:16)
    at listenInCluster (node:net:1997:12)
    at Server.listen (node:net:2102:7)
    at Function.listen (C:\Users\hwi\Desktop\Projects\community\server-backend\node_modules\express\lib\application.js:635:24)
    at bootstrap (file:///C:/Users/hwi/Desktop/Projects/community/server-backend/src/server.js:157:24)
    at process.processTicksAndRejections (node:internal/process/task_queues:105:5)
[2025-09-20T00:01:20.365Z] unhandledRejection: Error: getaddrinfo ENOTFOUND 127.0.0.1 
    at Object.createConnectionPromise [as createConnection] (c:\Users\hwi\Desktop\Projects\community\server-backend\node_modules\mysql2\promise.js:19:31)
    at ensureDatabase (file:///c:/Users/hwi/Desktop/Projects/community/server-backend/src/db.js:16:29)
    at bootstrap (file:///c:/Users/hwi/Desktop/Projects/community/server-backend/src/server.js:145:11)
    at file:///c:/Users/hwi/Desktop/Projects/community/server-backend/src/index.js:3:1
    at ModuleJob.run (node:internal/modules/esm/module_job:343:25)
    at async onImport.tracePromise.__proto__ (node:internal/modules/esm/loader:647:26)
    at async asyncRunEntryPointWithESMLoader (node:internal/modules/run_main:117:5)
[2025-09-20T00:01:42.939Z] unhandledRejection: Error: getaddrinfo ENOTFOUND 127.0.0.1 
    at Object.createConnectionPromise [as createConnection] (c:\Users\hwi\Desktop\Projects\community\server-backend\node_modules\mysql2\promise.js:19:31)
    at ensureDatabase (file:///c:/Users/hwi/Desktop/Projects/community/server-backend/src/db.js:16:29)
    at bootstrap (file:///c:/Users/hwi/Desktop/Projects/community/server-backend/src/server.js:145:11)
    at file:///c:/Users/hwi/Desktop/Projects/community/server-backend/src/index.js:3:1
    at ModuleJob.run (node:internal/modules/esm/module_job:343:25)
    at async onImport.tracePromise.__proto__ (node:internal/modules/esm/loader:647:26)
    at async asyncRunEntryPointWithESMLoader (node:internal/modules/run_main:117:5)
[2025-09-20T00:07:07.527Z] unhandledRejection: Error: getaddrinfo ENOTFOUND 127.0.0.1 
    at Object.createConnectionPromise [as createConnection] (c:\Users\hwi\Desktop\Projects\community\server-backend\node_modules\mysql2\promise.js:19:31)
    at ensureDatabase (file:///c:/Users/hwi/Desktop/Projects/community/server-backend/src/db.js:16:29)
    at bootstrap (file:///c:/Users/hwi/Desktop/Projects/community/server-backend/src/server.js:145:11)
    at file:///c:/Users/hwi/Desktop/Projects/community/server-backend/src/index.js:3:1
    at ModuleJob.run (node:internal/modules/esm/module_job:343:25)
    at async onImport.tracePromise.__proto__ (node:internal/modules/esm/loader:647:26)
    at async asyncRunEntryPointWithESMLoader (node:internal/modules/run_main:117:5)
[2025-09-20T00:09:11.385Z] uncaughtException: Error: listen EADDRINUSE: address already in use :::50000
    at Server.setupListenHandle [as _listen2] (node:net:1940:16)
    at listenInCluster (node:net:1997:12)
    at Server.listen (node:net:2102:7)
    at Function.listen (C:\Users\hwi\Desktop\Projects\community\server-backend\node_modules\express\lib\application.js:635:24)
    at bootstrap (file:///C:/Users/hwi/Desktop/Projects/community/server-backend/src/server.js:157:24)
    at process.processTicksAndRejections (node:internal/process/task_queues:105:5)
[2025-09-20T00:11:37.474Z] uncaughtException: Error: listen EADDRINUSE: address already in use :::50000
    at Server.setupListenHandle [as _listen2] (node:net:1940:16)
    at listenInCluster (node:net:1997:12)
    at Server.listen (node:net:2102:7)
    at Function.listen (C:\Users\hwi\Desktop\Projects\community\server-backend\node_modules\express\lib\application.js:635:24)
    at bootstrap (file:///C:/Users/hwi/Desktop/Projects/community/server-backend/src/server.js:157:24)
    at process.processTicksAndRejections (node:internal/process/task_queues:105:5)
[2025-09-20T00:15:12.888Z] uncaughtException: Error: listen EADDRINUSE: address already in use :::50000
    at Server.setupListenHandle [as _listen2] (node:net:1940:16)
    at listenInCluster (node:net:1997:12)
    at Server.listen (node:net:2102:7)
    at Function.listen (c:\Users\hwi\Desktop\Projects\community\server-backend\node_modules\express\lib\application.js:635:24)
    at bootstrap (file:///c:/Users/hwi/Desktop/Projects/community/server-backend/src/server.js:157:24)
    at process.processTicksAndRejections (node:internal/process/task_queues:105:5)
[2025-09-20T00:26:35.077Z] uncaughtException: Error: listen EADDRINUSE: address already in use :::50000
    at Server.setupListenHandle [as _listen2] (node:net:1940:16)
    at listenInCluster (node:net:1997:12)
    at Server.listen (node:net:2102:7)
    at Function.listen (C:\Users\hwi\Desktop\Projects\community\server-backend\node_modules\express\lib\application.js:635:24)
    at bootstrap (file:///C:/Users/hwi/Desktop/Projects/community/server-backend/src/server.js:157:24)
    at process.processTicksAndRejections (node:internal/process/task_queues:105:5)
[2025-09-20T00:36:19.863Z] uncaughtException: Error: listen EADDRINUSE: address already in use :::50000
    at Server.setupListenHandle [as _listen2] (node:net:1940:16)
    at listenInCluster (node:net:1997:12)
    at Server.listen (node:net:2102:7)
    at Function.listen (C:\Users\hwi\Desktop\Projects\community\server-backend\node_modules\express\lib\application.js:635:24)
    at bootstrap (file:///C:/Users/hwi/Desktop/Projects/community/server-backend/src/server.js:189:24)
    at process.processTicksAndRejections (node:internal/process/task_queues:105:5)
[2025-09-20T00:36:54.667Z] uncaughtException: Error: listen EADDRINUSE: address already in use :::50000
    at Server.setupListenHandle [as _listen2] (node:net:1940:16)
    at listenInCluster (node:net:1997:12)
    at Server.listen (node:net:2102:7)
    at Function.listen (C:\Users\hwi\Desktop\Projects\community\server-backend\node_modules\express\lib\application.js:635:24)
    at bootstrap (file:///C:/Users/hwi/Desktop/Projects/community/server-backend/src/server.js:189:24)
    at process.processTicksAndRejections (node:internal/process/task_queues:105:5)
[2025-09-20T00:46:15.115Z] uncaughtException: Error: listen EADDRINUSE: address already in use :::50000
    at Server.setupListenHandle [as _listen2] (node:net:1940:16)
    at listenInCluster (node:net:1997:12)
    at Server.listen (node:net:2102:7)
    at Function.listen (C:\Users\hwi\Desktop\Projects\community\server-backend\node_modules\express\lib\application.js:635:24)
    at bootstrap (file:///C:/Users/hwi/Desktop/Projects/community/server-backend/src/server.js:189:24)
    at process.processTicksAndRejections (node:internal/process/task_queues:105:5)
[2025-09-20T00:58:48.348Z] uncaughtException: Error: listen EADDRINUSE: address already in use :::50000
    at Server.setupListenHandle [as _listen2] (node:net:1940:16)
    at listenInCluster (node:net:1997:12)
    at Server.listen (node:net:2102:7)
    at Function.listen (C:\Users\hwi\Desktop\Projects\community\server-backend\node_modules\express\lib\application.js:635:24)
    at bootstrap (file:///C:/Users/hwi/Desktop/Projects/community/server-backend/src/server.js:189:24)
    at process.processTicksAndRejections (node:internal/process/task_queues:105:5)
[2025-09-20T01:16:37.186Z] uncaughtException: Error: listen EADDRINUSE: address already in use :::50000
    at Server.setupListenHandle [as _listen2] (node:net:1940:16)
    at listenInCluster (node:net:1997:12)
    at Server.listen (node:net:2102:7)
    at Function.listen (C:\Users\hwi\Desktop\Projects\community\server-backend\node_modules\express\lib\application.js:635:24)
    at bootstrap (file:///C:/Users/hwi/Desktop/Projects/community/server-backend/src/server.js:293:24)
    at process.processTicksAndRejections (node:internal/process/task_queues:105:5)
[2025-09-20T01:18:23.270Z] uncaughtException: Error: listen EADDRINUSE: address already in use :::50000
    at Server.setupListenHandle [as _listen2] (node:net:1940:16)
    at listenInCluster (node:net:1997:12)
    at Server.listen (node:net:2102:7)
    at Function.listen (C:\Users\hwi\Desktop\Projects\community\server-backend\node_modules\express\lib\application.js:635:24)
    at bootstrap (file:///C:/Users/hwi/Desktop/Projects/community/server-backend/src/server.js:293:24)
    at process.processTicksAndRejections (node:internal/process/task_queues:105:5)
[2025-09-20T01:18:41.804Z] uncaughtException: Error: listen EADDRINUSE: address already in use :::50000
    at Server.setupListenHandle [as _listen2] (node:net:1940:16)
    at listenInCluster (node:net:1997:12)
    at Server.listen (node:net:2102:7)
    at Function.listen (C:\Users\hwi\Desktop\Projects\community\server-backend\node_modules\express\lib\application.js:635:24)
    at bootstrap (file:///C:/Users/hwi/Desktop/Projects/community/server-backend/src/server.js:293:24)
    at process.processTicksAndRejections (node:internal/process/task_queues:105:5)
[2025-09-20T01:19:52.003Z] uncaughtException: Error: listen EADDRINUSE: address already in use :::50000
    at Server.setupListenHandle [as _listen2] (node:net:1940:16)
    at listenInCluster (node:net:1997:12)
    at Server.listen (node:net:2102:7)
    at Function.listen (C:\Users\hwi\Desktop\Projects\community\server-backend\node_modules\express\lib\application.js:635:24)
    at bootstrap (file:///C:/Users/hwi/Desktop/Projects/community/server-backend/src/server.js:293:24)
    at process.processTicksAndRejections (node:internal/process/task_queues:105:5)
[2025-09-20T01:22:44.098Z] uncaughtException: Error: listen EADDRINUSE: address already in use :::50000
    at Server.setupListenHandle [as _listen2] (node:net:1940:16)
    at listenInCluster (node:net:1997:12)
    at Server.listen (node:net:2102:7)
    at Function.listen (C:\Users\hwi\Desktop\Projects\community\server-backend\node_modules\express\lib\application.js:635:24)
    at bootstrap (file:///C:/Users/hwi/Desktop/Projects/community/server-backend/src/server.js:292:24)
    at process.processTicksAndRejections (node:internal/process/task_queues:105:5)
[2025-09-20T02:35:48.114Z] uncaughtException: Error: listen EADDRINUSE: address already in use :::50000
    at Server.setupListenHandle [as _listen2] (node:net:1940:16)
    at listenInCluster (node:net:1997:12)
    at Server.listen (node:net:2102:7)
    at Function.listen (C:\Users\hwi\Desktop\Projects\community\server-backend\node_modules\express\lib\application.js:635:24)
    at bootstrap (file:///C:/Users/hwi/Desktop/Projects/community/server-backend/src/server.js:323:24)
    at process.processTicksAndRejections (node:internal/process/task_queues:105:5)
[2025-09-20T02:50:32.584Z] uncaughtException: Error: listen EADDRINUSE: address already in use :::50000
    at Server.setupListenHandle [as _listen2] (node:net:1940:16)
    at listenInCluster (node:net:1997:12)
    at Server.listen (node:net:2102:7)
    at Function.listen (C:\Users\hwi\Desktop\Projects\community\server-backend\node_modules\express\lib\application.js:635:24)
    at bootstrap (file:///C:/Users/hwi/Desktop/Projects/community/server-backend/src/server.js:323:24)
    at process.processTicksAndRejections (node:internal/process/task_queues:105:5)
[2025-09-20T03:00:44.371Z] uncaughtException: Error: listen EADDRINUSE: address already in use :::50000
    at Server.setupListenHandle [as _listen2] (node:net:1940:16)
    at listenInCluster (node:net:1997:12)
    at Server.listen (node:net:2102:7)
    at Function.listen (C:\Users\hwi\Desktop\Projects\community\server-backend\node_modules\express\lib\application.js:635:24)
    at bootstrap (file:///C:/Users/hwi/Desktop/Projects/community/server-backend/src/server.js:323:24)
    at process.processTicksAndRejections (node:internal/process/task_queues:105:5)
[2025-09-20T03:31:56.090Z] uncaughtException: Error: listen EADDRINUSE: address already in use :::50000
    at Server.setupListenHandle [as _listen2] (node:net:1940:16)
    at listenInCluster (node:net:1997:12)
    at Server.listen (node:net:2102:7)
    at Function.listen (C:\Users\hwi\Desktop\Projects\community\server-backend\node_modules\express\lib\application.js:635:24)
    at bootstrap (file:///C:/Users/hwi/Desktop/Projects/community/server-backend/src/server.js:323:24)
    at process.processTicksAndRejections (node:internal/process/task_queues:105:5)
[2025-09-20T16:36:37.747Z] uncaughtException: Error: listen EADDRINUSE: address already in use :::50000
    at Server.setupListenHandle [as _listen2] (node:net:1940:16)
    at listenInCluster (node:net:1997:12)
    at Server.listen (node:net:2102:7)
    at Function.listen (C:\Users\hwi\Desktop\Projects\community\server-backend\node_modules\express\lib\application.js:635:24)
    at bootstrap (file:///C:/Users/hwi/Desktop/Projects/community/server-backend/src/server.js:323:24)
    at process.processTicksAndRejections (node:internal/process/task_queues:105:5)
[2025-09-20T16:38:45.621Z] uncaughtException: Error: listen EADDRINUSE: address already in use :::50000
    at Server.setupListenHandle [as _listen2] (node:net:1940:16)
    at listenInCluster (node:net:1997:12)
    at Server.listen (node:net:2102:7)
    at Function.listen (C:\Users\hwi\Desktop\Projects\community\server-backend\node_modules\express\lib\application.js:635:24)
    at bootstrap (file:///C:/Users/hwi/Desktop/Projects/community/server-backend/src/server.js:323:24)
    at process.processTicksAndRejections (node:internal/process/task_queues:105:5)
[2025-09-20T16:52:10.537Z] uncaughtException: Error: listen EADDRINUSE: address already in use :::50000
    at Server.setupListenHandle [as _listen2] (node:net:1940:16)
    at listenInCluster (node:net:1997:12)
    at Server.listen (node:net:2102:7)
    at Function.listen (C:\Users\hwi\Desktop\Projects\community\server-backend\node_modules\express\lib\application.js:635:24)
    at bootstrap (file:///C:/Users/hwi/Desktop/Projects/community/server-backend/src/server.js:323:24)
    at process.processTicksAndRejections (node:internal/process/task_queues:105:5)
[2025-09-23T13:26:34.860Z] unhandledRejection: Error: connect ECONNREFUSED 127.0.0.1:3306
    at Object.createConnectionPromise [as createConnection] (C:\Users\dlgnl\Desktop\Projects\community\server-backend\node_modules\mysql2\promise.js:19:31)
    at ensureDatabase (file:///C:/Users/dlgnl/Desktop/Projects/community/server-backend/src/db.js:16:29)
    at bootstrap (file:///C:/Users/dlgnl/Desktop/Projects/community/server-backend/src/server.js:309:11)
    at file:///C:/Users/dlgnl/Desktop/Projects/community/server-backend/src/index.js:3:1
    at ModuleJob.run (node:internal/modules/esm/module_job:345:25)
    at process.processTicksAndRejections (node:internal/process/task_queues:105:5)
    at async onImport.tracePromise.__proto__ (node:internal/modules/esm/loader:651:26)
    at async asyncRunEntryPointWithESMLoader (node:internal/modules/run_main:117:5)
[2025-09-23T13:44:05.012Z] unhandledRejection: Error: connect ECONNREFUSED 127.0.0.1:3306
    at Object.createConnectionPromise [as createConnection] (C:\Users\dlgnl\Desktop\Projects\community\server-backend\node_modules\mysql2\promise.js:19:31)
    at ensureDatabase (file:///C:/Users/dlgnl/Desktop/Projects/community/server-backend/src/db.js:16:29)
    at bootstrap (file:///C:/Users/dlgnl/Desktop/Projects/community/server-backend/src/server.js:309:11)
    at file:///C:/Users/dlgnl/Desktop/Projects/community/server-backend/src/index.js:3:1
    at ModuleJob.run (node:internal/modules/esm/module_job:345:25)
    at process.processTicksAndRejections (node:internal/process/task_queues:105:5)
    at async onImport.tracePromise.__proto__ (node:internal/modules/esm/loader:651:26)
    at async asyncRunEntryPointWithESMLoader (node:internal/modules/run_main:117:5)
[2025-09-23T14:16:32.543Z] unhandledRejection: Error: connect ECONNREFUSED 127.0.0.1:3306
    at Object.createConnectionPromise [as createConnection] (C:\Users\dlgnl\Desktop\Projects\community\server-backend\node_modules\mysql2\promise.js:19:31)
    at ensureDatabase (file:///C:/Users/dlgnl/Desktop/Projects/community/server-backend/src/db.js:16:29)
    at bootstrap (file:///C:/Users/dlgnl/Desktop/Projects/community/server-backend/src/server.js:309:11)
    at file:///C:/Users/dlgnl/Desktop/Projects/community/server-backend/src/index.js:3:1
    at ModuleJob.run (node:internal/modules/esm/module_job:345:25)
    at process.processTicksAndRejections (node:internal/process/task_queues:105:5)
    at async onImport.tracePromise.__proto__ (node:internal/modules/esm/loader:651:26)
    at async asyncRunEntryPointWithESMLoader (node:internal/modules/run_main:117:5)
[2025-09-23T14:17:05.582Z] unhandledRejection: Error: connect ECONNREFUSED 127.0.0.1:3306
    at Object.createConnectionPromise [as createConnection] (C:\Users\dlgnl\Desktop\Projects\community\server-backend\node_modules\mysql2\promise.js:19:31)
    at ensureDatabase (file:///C:/Users/dlgnl/Desktop/Projects/community/server-backend/src/db.js:16:29)
    at bootstrap (file:///C:/Users/dlgnl/Desktop/Projects/community/server-backend/src/server.js:309:11)
    at file:///C:/Users/dlgnl/Desktop/Projects/community/server-backend/src/index.js:3:1
    at ModuleJob.run (node:internal/modules/esm/module_job:345:25)
    at async onImport.tracePromise.__proto__ (node:internal/modules/esm/loader:651:26)
    at async asyncRunEntryPointWithESMLoader (node:internal/modules/run_main:117:5)
[2025-09-23T20:52:15.430Z] unhandledRejection: Error: connect ECONNREFUSED 127.0.0.1:3306
    at Object.createConnectionPromise [as createConnection] (C:\Users\dlgnl\Desktop\Projects\community\server-backend\node_modules\mysql2\promise.js:19:31)
    at ensureDatabase (file:///C:/Users/dlgnl/Desktop/Projects/community/server-backend/src/db.js:16:29)
    at bootstrap (file:///C:/Users/dlgnl/Desktop/Projects/community/server-backend/src/server.js:309:11)
    at file:///C:/Users/dlgnl/Desktop/Projects/community/server-backend/src/index.js:3:1
    at ModuleJob.run (node:internal/modules/esm/module_job:345:25)
    at process.processTicksAndRejections (node:internal/process/task_queues:105:5)
    at async onImport.tracePromise.__proto__ (node:internal/modules/esm/loader:651:26)
    at async asyncRunEntryPointWithESMLoader (node:internal/modules/run_main:117:5)
[2025-09-23T20:52:16.450Z] unhandledRejection: Error: connect ECONNREFUSED 127.0.0.1:3306
    at Object.createConnectionPromise [as createConnection] (C:\Users\dlgnl\Desktop\Projects\community\server-backend\node_modules\mysql2\promise.js:19:31)
    at ensureDatabase (file:///C:/Users/dlgnl/Desktop/Projects/community/server-backend/src/db.js:16:29)
    at bootstrap (file:///C:/Users/dlgnl/Desktop/Projects/community/server-backend/src/server.js:309:11)
    at file:///C:/Users/dlgnl/Desktop/Projects/community/server-backend/src/index.js:3:1
    at ModuleJob.run (node:internal/modules/esm/module_job:345:25)
    at process.processTicksAndRejections (node:internal/process/task_queues:105:5)
    at async onImport.tracePromise.__proto__ (node:internal/modules/esm/loader:651:26)
    at async asyncRunEntryPointWithESMLoader (node:internal/modules/run_main:117:5)
[2025-09-23T20:53:33.860Z] unhandledRejection: Error: connect ECONNREFUSED 127.0.0.1:3306
    at Object.createConnectionPromise [as createConnection] (C:\Users\dlgnl\Desktop\Projects\community\server-backend\node_modules\mysql2\promise.js:19:31)
    at ensureDatabase (file:///C:/Users/dlgnl/Desktop/Projects/community/server-backend/src/db.js:16:29)
    at bootstrap (file:///C:/Users/dlgnl/Desktop/Projects/community/server-backend/src/server.js:309:11)
    at file:///C:/Users/dlgnl/Desktop/Projects/community/server-backend/src/index.js:3:1
    at ModuleJob.run (node:internal/modules/esm/module_job:345:25)
    at async onImport.tracePromise.__proto__ (node:internal/modules/esm/loader:651:26)
    at async asyncRunEntryPointWithESMLoader (node:internal/modules/run_main:117:5)
[2025-09-25T08:00:40.132Z] uncaughtException: ReferenceError: describe is not defined
    at file:///C:/Users/hwi/Desktop/Projects/community/server-backend/tests/unit/auth.test.js:5:1
    at ModuleJob.run (node:internal/modules/esm/module_job:343:25)
    at async onImport.tracePromise.__proto__ (node:internal/modules/esm/loader:647:26)
    at async asyncRunEntryPointWithESMLoader (node:internal/modules/run_main:117:5)
[2025-09-25T08:00:40.132Z] uncaughtException: ReferenceError: describe is not defined
    at file:///C:/Users/hwi/Desktop/Projects/community/server-backend/tests/unit/posts.test.js:4:1
    at ModuleJob.run (node:internal/modules/esm/module_job:343:25)
    at async onImport.tracePromise.__proto__ (node:internal/modules/esm/loader:647:26)
    at async asyncRunEntryPointWithESMLoader (node:internal/modules/run_main:117:5)
[2025-09-25T08:00:40.132Z] uncaughtException: ReferenceError: describe is not defined
    at file:///C:/Users/hwi/Desktop/Projects/community/server-backend/tests/unit/health.test.js:4:1
    at ModuleJob.run (node:internal/modules/esm/module_job:343:25)
    at async onImport.tracePromise.__proto__ (node:internal/modules/esm/loader:647:26)
    at async asyncRunEntryPointWithESMLoader (node:internal/modules/run_main:117:5)
[2025-09-25T08:00:40.133Z] uncaughtException: ReferenceError: describe is not defined
    at file:///C:/Users/hwi/Desktop/Projects/community/server-backend/tests/unit/boards.test.js:4:1
    at ModuleJob.run (node:internal/modules/esm/module_job:343:25)
    at async onImport.tracePromise.__proto__ (node:internal/modules/esm/loader:647:26)
    at async asyncRunEntryPointWithESMLoader (node:internal/modules/run_main:117:5)
[2025-09-25T12:40:35.240Z] uncaughtException: ReferenceError: describe is not defined
    at file:///C:/Users/hwi/Desktop/Projects/community/server-backend/tests/unit/auth.test.js:5:1
    at ModuleJob.run (node:internal/modules/esm/module_job:343:25)
    at async onImport.tracePromise.__proto__ (node:internal/modules/esm/loader:647:26)
    at async asyncRunEntryPointWithESMLoader (node:internal/modules/run_main:117:5)
[2025-09-25T12:40:35.260Z] uncaughtException: ReferenceError: describe is not defined
    at file:///C:/Users/hwi/Desktop/Projects/community/server-backend/tests/unit/boards.test.js:4:1
    at ModuleJob.run (node:internal/modules/esm/module_job:343:25)
    at async onImport.tracePromise.__proto__ (node:internal/modules/esm/loader:647:26)
    at async asyncRunEntryPointWithESMLoader (node:internal/modules/run_main:117:5)
[2025-09-25T12:40:35.285Z] uncaughtException: ReferenceError: describe is not defined
    at file:///C:/Users/hwi/Desktop/Projects/community/server-backend/tests/unit/health.test.js:4:1
    at ModuleJob.run (node:internal/modules/esm/module_job:343:25)
    at async onImport.tracePromise.__proto__ (node:internal/modules/esm/loader:647:26)
    at async asyncRunEntryPointWithESMLoader (node:internal/modules/run_main:117:5)
[2025-09-25T12:40:35.304Z] uncaughtException: ReferenceError: describe is not defined
    at file:///C:/Users/hwi/Desktop/Projects/community/server-backend/tests/unit/posts.test.js:4:1
    at ModuleJob.run (node:internal/modules/esm/module_job:343:25)
    at async onImport.tracePromise.__proto__ (node:internal/modules/esm/loader:647:26)
    at async asyncRunEntryPointWithESMLoader (node:internal/modules/run_main:117:5)
[2025-09-25T13:48:53.912Z] uncaughtException: ReferenceError: describe is not defined
    at file:///C:/Users/hwi/Desktop/Projects/community/server-backend/tests/unit/auth.test.js:5:1
    at ModuleJob.run (node:internal/modules/esm/module_job:343:25)
    at async onImport.tracePromise.__proto__ (node:internal/modules/esm/loader:647:26)
    at async asyncRunEntryPointWithESMLoader (node:internal/modules/run_main:117:5)
[2025-09-25T13:48:53.977Z] uncaughtException: ReferenceError: describe is not defined
    at file:///C:/Users/hwi/Desktop/Projects/community/server-backend/tests/unit/health.test.js:4:1
    at ModuleJob.run (node:internal/modules/esm/module_job:343:25)
    at async onImport.tracePromise.__proto__ (node:internal/modules/esm/loader:647:26)
    at async asyncRunEntryPointWithESMLoader (node:internal/modules/run_main:117:5)
[2025-09-25T13:48:53.986Z] uncaughtException: ReferenceError: describe is not defined
    at file:///C:/Users/hwi/Desktop/Projects/community/server-backend/tests/unit/posts.test.js:4:1
    at ModuleJob.run (node:internal/modules/esm/module_job:343:25)
    at async onImport.tracePromise.__proto__ (node:internal/modules/esm/loader:647:26)
    at async asyncRunEntryPointWithESMLoader (node:internal/modules/run_main:117:5)
[2025-09-25T13:48:53.994Z] uncaughtException: ReferenceError: describe is not defined
    at file:///C:/Users/hwi/Desktop/Projects/community/server-backend/tests/unit/boards.test.js:4:1
    at ModuleJob.run (node:internal/modules/esm/module_job:343:25)
    at async onImport.tracePromise.__proto__ (node:internal/modules/esm/loader:647:26)
    at async asyncRunEntryPointWithESMLoader (node:internal/modules/run_main:117:5)
[2025-09-26T01:51:09.594Z] unhandledRejection: TypeError: WebSocket.Server is not a constructor
    at bootstrap (file:///C:/Users/hwi/Desktop/Projects/community/server-backend/src/server.js:573:17)
    at process.processTicksAndRejections (node:internal/process/task_queues:105:5)
